0 info it worked if it ends with ok
1 verbose cli [ '/usr/bin/node', '/usr/bin/npm', 'run', 'dev' ]
2 info using npm@3.10.10
3 info using node@v6.12.3
4 verbose run-script [ 'predev', 'dev', 'postdev' ]
5 info lifecycle webpack_now@1.0.0~predev: webpack_now@1.0.0
6 silly lifecycle webpack_now@1.0.0~predev: no script for predev, continuing
7 info lifecycle webpack_now@1.0.0~dev: webpack_now@1.0.0
8 verbose lifecycle webpack_now@1.0.0~dev: unsafe-perm in lifecycle true
9 verbose lifecycle webpack_now@1.0.0~dev: PATH: /usr/lib/node_modules/npm/bin/node-gyp-bin:/home/azhar/Desktop/webpack/webpack_now/node_modules/.bin:/home/azhar/bin:/home/azhar/.local/bin:/usr/local/sbin:/usr/local/bin:/usr/sbin:/usr/bin:/sbin:/bin:/usr/games:/usr/local/games:/home/azhar/Android/Sdk/platform-tools:/home/azhar/Android/Sdk/tools
10 verbose lifecycle webpack_now@1.0.0~dev: CWD: /home/azhar/Desktop/webpack/webpack_now
11 silly lifecycle webpack_now@1.0.0~dev: Args: [ '-c',
11 silly lifecycle   'NODE_ENV=development node ./webpack/webpack.dev.config.js' ]
12 silly lifecycle webpack_now@1.0.0~dev: Returned: code: 1  signal: null
13 info lifecycle webpack_now@1.0.0~dev: Failed to exec dev script
14 verbose stack Error: webpack_now@1.0.0 dev: `NODE_ENV=development node ./webpack/webpack.dev.config.js`
14 verbose stack Exit status 1
14 verbose stack     at EventEmitter.<anonymous> (/usr/lib/node_modules/npm/lib/utils/lifecycle.js:255:16)
14 verbose stack     at emitTwo (events.js:106:13)
14 verbose stack     at EventEmitter.emit (events.js:191:7)
14 verbose stack     at ChildProcess.<anonymous> (/usr/lib/node_modules/npm/lib/utils/spawn.js:40:14)
14 verbose stack     at emitTwo (events.js:106:13)
14 verbose stack     at ChildProcess.emit (events.js:191:7)
14 verbose stack     at maybeClose (internal/child_process.js:920:16)
14 verbose stack     at Process.ChildProcess._handle.onexit (internal/child_process.js:230:5)
15 verbose pkgid webpack_now@1.0.0
16 verbose cwd /home/azhar/Desktop/webpack/webpack_now
17 error Linux 4.8.0-53-generic
18 error argv "/usr/bin/node" "/usr/bin/npm" "run" "dev"
19 error node v6.12.3
20 error npm  v3.10.10
21 error code ELIFECYCLE
22 error webpack_now@1.0.0 dev: `NODE_ENV=development node ./webpack/webpack.dev.config.js`
22 error Exit status 1
23 error Failed at the webpack_now@1.0.0 dev script 'NODE_ENV=development node ./webpack/webpack.dev.config.js'.
23 error Make sure you have the latest version of node.js and npm installed.
23 error If you do, this is most likely a problem with the webpack_now package,
23 error not with npm itself.
23 error Tell the author that this fails on your system:
23 error     NODE_ENV=development node ./webpack/webpack.dev.config.js
23 error You can get information on how to open an issue for this project with:
23 error     npm bugs webpack_now
23 error Or if that isn't available, you can get their info via:
23 error     npm owner ls webpack_now
23 error There is likely additional logging output above.
24 verbose exit [ 1, true ]
